#-----------------------------------------------------------
# Vivado v2014.2 (64-bit)
# SW Build 932637 on Wed Jun 11 13:33:10 MDT 2014
# IP Build 924643 on Fri May 30 09:20:16 MDT 2014
# Start of session at: Tue Aug 26 17:37:07 2014
# Process ID: 9660
# Log file: D:/Xilinx/MandelZybo_cleaner_mp8/hw/zybo_bsd/zybo_bsd.sdk/webtalk/vivado.log
# Journal file: D:/Xilinx/MandelZybo_cleaner_mp8/hw/zybo_bsd/zybo_bsd.sdk/webtalk\vivado.jou
#-----------------------------------------------------------
Sourcing tcl script 'C:\Users\Jim\AppData\Roaming/Xilinx/Vivado/init.tcl'
source "C:/Users/Jim/AppData/Roaming/Xilinx/Vivado/init.tcl"
# set_param general.maxThreads 8
source sdk.tcl
# webtalk_init -webtalk_dir D:\\Xilinx\\MandelZybo_cleaner_mp8\\hw\\zybo_bsd\\zybo_bsd.sdk\\webtalk
# webtalk_register_client -client project
# webtalk_add_data -client project -key date_generated -value "Tue Aug 26 17:37:07 2014" -context "software_version_and_target_device"
# webtalk_add_data -client project -key product_version -value "SDK v2014.2" -context "software_version_and_target_device"
# webtalk_add_data -client project -key build_version -value "2014.2" -context "software_version_and_target_device"
# webtalk_add_data -client project -key os_platform -value "amd64" -context "software_version_and_target_device"
# webtalk_add_data -client project -key registration_id -value "175234161_1777502313_0_206" -context "software_version_and_target_device"
# webtalk_add_data -client project -key tool_flow -value "SDK" -context "software_version_and_target_device"
# webtalk_add_data -client project -key beta -value "false" -context "software_version_and_target_device"
# webtalk_add_data -client project -key route_design -value "NA" -context "software_version_and_target_device"
# webtalk_add_data -client project -key target_family -value "NA" -context "software_version_and_target_device"
# webtalk_add_data -client project -key target_device -value "NA" -context "software_version_and_target_device"
# webtalk_add_data -client project -key target_package -value "NA" -context "software_version_and_target_device"
# webtalk_add_data -client project -key target_speed -value "NA" -context "software_version_and_target_device"
# webtalk_add_data -client project -key random_id -value "5iaqqs4heq93mi1503gslbaona" -context "software_version_and_target_device"
# webtalk_add_data -client project -key project_id -value "2014.2_8" -context "software_version_and_target_device"
# webtalk_add_data -client project -key project_iteration -value "8" -context "software_version_and_target_device"
# webtalk_add_data -client project -key os_name -value "Microsoft Windows 7 , 64-bit" -context "user_environment"
# webtalk_add_data -client project -key os_release -value "Service Pack 1  (build 7601)" -context "user_environment"
# webtalk_add_data -client project -key cpu_name -value "Intel(R) Core(TM) i7-4790K CPU @ 4.00GHz" -context "user_environment"
# webtalk_add_data -client project -key cpu_speed -value "4000 MHz" -context "user_environment"
# webtalk_add_data -client project -key total_processors -value "1" -context "user_environment"
# webtalk_add_data -client project -key system_ram -value "34.000 GB" -context "user_environment"
# webtalk_register_client -client sdk
# webtalk_add_data -client sdk -key uid -value "1409099736318" -context "sdk\\\\hardware/1409099736318"
# webtalk_add_data -client sdk -key isZynq -value "true" -context "sdk\\\\hardware/1409099736318"
# webtalk_add_data -client sdk -key Processors -value "2" -context "sdk\\\\hardware/1409099736318"
# webtalk_add_data -client sdk -key VivadoVersion -value "2014.2" -context "sdk\\\\hardware/1409099736318"
# webtalk_add_data -client sdk -key Arch -value "zynq" -context "sdk\\\\hardware/1409099736318"
# webtalk_add_data -client sdk -key Device -value "7z010" -context "sdk\\\\hardware/1409099736318"
# webtalk_add_data -client sdk -key IsHandoff -value "true" -context "sdk\\\\hardware/1409099736318"
# webtalk_add_data -client sdk -key uid -value "1409099751684" -context "sdk\\\\bsp/1409099751684"
# webtalk_add_data -client sdk -key hwid -value "1409099736318" -context "sdk\\\\bsp/1409099751684"
# webtalk_add_data -client sdk -key os -value "standalone" -context "sdk\\\\bsp/1409099751684"
# webtalk_add_data -client sdk -key apptemplate -value "null" -context "sdk\\\\bsp/1409099751684"
# webtalk_transmit -clientid 2209310343 -regid "175234161_1777502313_0_206" -xml D:\\Xilinx\\MandelZybo_cleaner_mp8\\hw\\zybo_bsd\\zybo_bsd.sdk\\webtalk\\usage_statistics_ext_sdk.xml -html D:\\Xilinx\\MandelZybo_cleaner_mp8\\hw\\zybo_bsd\\zybo_bsd.sdk\\webtalk\\usage_statistics_ext_sdk.html -wdm D:\\Xilinx\\MandelZybo_cleaner_mp8\\hw\\zybo_bsd\\zybo_bsd.sdk\\webtalk\\sdk.wdm -intro "<H3>SDK Usage Report</H3><BR>"
INFO: [Common 17-186] 'D:\Xilinx\MandelZybo_cleaner_mp8\hw\zybo_bsd\zybo_bsd.sdk\webtalk\usage_statistics_ext_sdk.xml' has been successfully sent to Xilinx on Tue Aug 26 17:37:11 2014. For additional details about this file, please refer to the WebTalk help file at C:/Xilinx/Vivado/2014.2/doc/webtalk_introduction.html.
# webtalk_terminate
INFO: [Common 17-206] Exiting Vivado at Tue Aug 26 17:37:11 2014...
