Copyright 1986-2014 Xilinx, Inc. All Rights Reserved.
---------------------------------------------------------------------------------------------------------------------------
| Tool Version     : Vivado v.2014.3 (win64) Build 1034051 Fri Oct  3 17:14:12 MDT 2014
| Date             : Mon Oct 20 23:29:05 2014
| Host             : Viper running 64-bit Service Pack 1  (build 7601)
| Command          : report_power -file system_wrapper_power_routed.rpt -pb system_wrapper_power_summary_routed.pb
| Design           : system_wrapper
| Device           : xc7z010clg400-1
| Design State     : Routed
| Grade            : commercial
| Process          : typical
| Characterization : Production
---------------------------------------------------------------------------------------------------------------------------

Power Report

Table of Contents
-----------------
1. Summary
1.1 On-Chip Components
1.2 Power Supply Summary
1.3 Confidence Level
2. Settings
2.1 Environment
2.2 Clock Constraints
3. Detailed Reports
3.1 By Hierarchy

1. Summary
----------

+--------------------------+-------+
| Total On-Chip Power (W)  | 2.050 |
| Dynamic (W)              | 1.911 |
| Device Static (W)        | 0.139 |
| Total Off-Chip Power (W) | 0.129 |
| Effective TJA (C/W)      | 11.5  |
| Max Ambient (C)          | 61.4  |
| Junction Temperature (C) | 48.6  |
| Confidence Level         | Low   |
| Setting File             | ---   |
| Simulation Activity File | ---   |
| Design Nets Matched      | NA    |
+--------------------------+-------+


1.1 On-Chip Components
----------------------

+--------------------------+-----------+----------+-----------+-----------------+
| On-Chip                  | Power (W) | Used     | Available | Utilization (%) |
+--------------------------+-----------+----------+-----------+-----------------+
| Clocks                   |     0.063 |        9 |       --- |             --- |
| Slice Logic              |     0.078 |    30381 |       --- |             --- |
|   LUT as Logic           |     0.071 |    15197 |     17600 |           86.34 |
|   CARRY4                 |     0.003 |      719 |      4400 |           16.34 |
|   Register               |     0.002 |    10488 |     35200 |           29.79 |
|   LUT as Distributed RAM |     0.001 |      234 |      6000 |            3.90 |
|   F7/F8 Muxes            |    <0.001 |      134 |     17600 |            0.76 |
|   LUT as Shift Register  |    <0.001 |      160 |      6000 |            2.66 |
|   Others                 |     0.000 |      819 |       --- |             --- |
| Signals                  |     0.101 |    24918 |       --- |             --- |
| Block RAM                |     0.006 |        7 |        60 |           11.66 |
| MMCM                     |     0.107 |        1 |         2 |           50.00 |
| DSPs                     |     0.015 |       32 |        80 |           40.00 |
| I/O                      |     0.191 |       11 |       100 |           11.00 |
| PS7                      |     1.351 |        1 |       --- |             --- |
| Static Power             |     0.139 |          |           |                 |
| Total                    |     2.050 |          |           |                 |
+--------------------------+-----------+----------+-----------+-----------------+


1.2 Power Supply Summary
------------------------

+-----------+-------------+-----------+-------------+------------+
| Source    | Voltage (V) | Total (A) | Dynamic (A) | Static (A) |
+-----------+-------------+-----------+-------------+------------+
| Vccint    |       1.000 |     0.272 |       0.264 |      0.009 |
| Vccaux    |       1.800 |     0.071 |       0.059 |      0.012 |
| Vcco33    |       3.300 |     0.061 |       0.060 |      0.001 |
| Vcco25    |       2.500 |     0.000 |       0.000 |      0.000 |
| Vcco18    |       1.800 |     0.001 |       0.000 |      0.001 |
| Vcco15    |       1.500 |     0.001 |       0.000 |      0.001 |
| Vcco135   |       1.350 |     0.000 |       0.000 |      0.000 |
| Vcco12    |       1.200 |     0.000 |       0.000 |      0.000 |
| Vccaux_io |       1.800 |     0.000 |       0.000 |      0.000 |
| Vccbram   |       1.000 |     0.001 |       0.000 |      0.001 |
| MGTAVcc   |       1.000 |     0.000 |       0.000 |      0.000 |
| MGTAVtt   |       1.200 |     0.000 |       0.000 |      0.000 |
| MGTVccaux |       1.800 |     0.000 |       0.000 |      0.000 |
| Vccpint   |       1.000 |     0.425 |       0.391 |      0.035 |
| Vccpaux   |       1.800 |     0.069 |       0.058 |      0.010 |
| Vccpll    |       1.800 |     0.115 |       0.112 |      0.003 |
| Vcco_ddr  |       1.500 |     0.511 |       0.509 |      0.002 |
| Vcco_mio0 |       1.800 |     0.004 |       0.003 |      0.001 |
| Vcco_mio1 |       1.800 |     0.004 |       0.003 |      0.001 |
| Vccadc    |       1.800 |     0.020 |       0.000 |      0.020 |
+-----------+-------------+-----------+-------------+------------+


1.3 Confidence Level
--------------------

+-----------------------------+------------+--------------------------------------------------------+------------------------------------------------------------------------------------------------------------+
| User Input Data             | Confidence | Details                                                | Action                                                                                                     |
+-----------------------------+------------+--------------------------------------------------------+------------------------------------------------------------------------------------------------------------+
| Design implementation state | High       | Design is routed                                       |                                                                                                            |
| Clock nodes activity        | High       | User specified more than 95% of clocks                 |                                                                                                            |
| I/O nodes activity          | Low        | More than 75% of inputs are missing user specification | Provide missing input activity with simulation results or by editing the "By Resource Type -> I/Os" view   |
| Internal nodes activity     | Medium     | User specified less than 25% of internal nodes         | Provide missing internal nodes activity with simulation results or by editing the "By Resource Type" views |
| Device models               | High       | Device models are Production                           |                                                                                                            |
|                             |            |                                                        |                                                                                                            |
| Overall confidence level    | Low        |                                                        |                                                                                                            |
+-----------------------------+------------+--------------------------------------------------------+------------------------------------------------------------------------------------------------------------+


2. Settings
-----------

2.1 Environment
---------------

+-----------------------+------------------------+
| Ambient Temp (C)      | 25.0                   |
| ThetaJA (C/W)         | 11.5                   |
| Airflow (LFM)         | 250                    |
| Heat Sink             | none                   |
| ThetaSA (C/W)         | 0.0                    |
| Board Selection       | medium (10"x10")       |
| # of Board Layers     | 8to11 (8 to 11 Layers) |
| Board Temperature (C) | 25.0                   |
+-----------------------+------------------------+


2.2 Clock Constraints
---------------------

+--------------------------+-----------------------------------------------------------------------+-----------------+
| Clock                    | Domain                                                                | Constraint (ns) |
+--------------------------+-----------------------------------------------------------------------+-----------------+
| PXL_CLK                  | system_i/axi_dispctrl_1/inst/USE_BUFR_DIV5.Inst_mmcme2_drp/PXL_CLK    |             2.0 |
| clk_fpga_3               | system_i/processing_system7_0/inst/FCLK_CLK_unbuffered[3]             |             7.6 |
| clk_fpga_0               | system_i/processing_system7_0/inst/FCLK_CLK_unbuffered[0]             |            10.0 |
| axi_dispctrl_1_PXL_CLK_O | system_i/axi_dispctrl_1/inst/PXL_CLK_O                                |            10.0 |
| CLKFBOUT_O               | system_i/axi_dispctrl_1/inst/USE_BUFR_DIV5.Inst_mmcme2_drp/CLKFBOUT_O |            10.0 |
| clk_fpga_1               | system_i/processing_system7_0/inst/FCLK_CLK_unbuffered[1]             |             6.7 |
+--------------------------+-----------------------------------------------------------------------+-----------------+


3. Detailed Reports
-------------------

3.1 By Hierarchy
----------------

+-----------------------------------------------------------------------------------------+-----------+
| Name                                                                                    | Power (W) |
+-----------------------------------------------------------------------------------------+-----------+
| system_wrapper                                                                          |     1.911 |
|   iic_0_scl_iobuf                                                                       |     0.004 |
|   iic_0_sda_iobuf                                                                       |     0.004 |
|   system_i                                                                              |     1.904 |
|     AXI_MandelRISC_0                                                                    |     0.025 |
|       inst                                                                              |     0.025 |
|         AXI_MandelRISC_v1_0_M00_AXI_inst                                                |     0.024 |
|           mandelrisc1                                                                   |     0.022 |
|             rfile_reg_0_15_0_5                                                          |    <0.001 |
|             rfile_reg_0_15_12_17                                                        |    <0.001 |
|             rfile_reg_0_15_18_23                                                        |    <0.001 |
|             rfile_reg_0_15_24_29                                                        |    <0.001 |
|             rfile_reg_0_15_30_35                                                        |    <0.001 |
|             rfile_reg_0_15_36_39                                                        |    <0.001 |
|             rfile_reg_0_15_6_11                                                         |    <0.001 |
|           pixel_fifo1                                                                   |     0.001 |
|             U0                                                                          |     0.001 |
|               inst_fifo_gen                                                             |     0.001 |
|                 gconvfifo.rf                                                            |     0.001 |
|                   grf.rf                                                                |     0.001 |
|                     gntv_or_sync_fifo.gcx.clkx                                          |    <0.001 |
|                       gsync_stage[1].rd_stg_inst                                        |    <0.001 |
|                       gsync_stage[1].wr_stg_inst                                        |    <0.001 |
|                       gsync_stage[2].rd_stg_inst                                        |    <0.001 |
|                       gsync_stage[2].wr_stg_inst                                        |    <0.001 |
|                     gntv_or_sync_fifo.gl0.rd                                            |    <0.001 |
|                       gr1.rfwft                                                         |    <0.001 |
|                       gras.rsts                                                         |    <0.001 |
|                       rpntr                                                             |    <0.001 |
|                     gntv_or_sync_fifo.gl0.wr                                            |    <0.001 |
|                       gwas.gpf.wrpf                                                     |    <0.001 |
|                       gwas.wsts                                                         |    <0.001 |
|                       wpntr                                                             |    <0.001 |
|                     gntv_or_sync_fifo.mem                                               |    <0.001 |
|                       gbm.gbmg.gbmga.ngecc.bmg                                          |    <0.001 |
|                         inst_blk_mem_gen                                                |    <0.001 |
|                           gnativebmg.native_blk_mem_gen                                 |    <0.001 |
|                             valid.cstr                                                  |    <0.001 |
|                               ramloop[0].ram.r                                          |    <0.001 |
|                                 prim_noinit.ram                                         |    <0.001 |
|                     rstblk                                                              |    <0.001 |
|         AXI_MandelRISC_v1_0_S00_AXI_inst                                                |     0.001 |
|     AXI_MandelRISC_1                                                                    |     0.025 |
|       inst                                                                              |     0.025 |
|         AXI_MandelRISC_v1_0_M00_AXI_inst                                                |     0.024 |
|           mandelrisc1                                                                   |     0.022 |
|             rfile_reg_0_15_0_5                                                          |    <0.001 |
|             rfile_reg_0_15_12_17                                                        |    <0.001 |
|             rfile_reg_0_15_18_23                                                        |    <0.001 |
|             rfile_reg_0_15_24_29                                                        |    <0.001 |
|             rfile_reg_0_15_30_35                                                        |    <0.001 |
|             rfile_reg_0_15_36_39                                                        |    <0.001 |
|             rfile_reg_0_15_6_11                                                         |    <0.001 |
|           pixel_fifo1                                                                   |     0.001 |
|             U0                                                                          |     0.001 |
|               inst_fifo_gen                                                             |     0.001 |
|                 gconvfifo.rf                                                            |     0.001 |
|                   grf.rf                                                                |     0.001 |
|                     gntv_or_sync_fifo.gcx.clkx                                          |    <0.001 |
|                       gsync_stage[1].rd_stg_inst                                        |    <0.001 |
|                       gsync_stage[1].wr_stg_inst                                        |    <0.001 |
|                       gsync_stage[2].rd_stg_inst                                        |    <0.001 |
|                       gsync_stage[2].wr_stg_inst                                        |    <0.001 |
|                     gntv_or_sync_fifo.gl0.rd                                            |    <0.001 |
|                       gr1.rfwft                                                         |    <0.001 |
|                       gras.rsts                                                         |    <0.001 |
|                       rpntr                                                             |    <0.001 |
|                     gntv_or_sync_fifo.gl0.wr                                            |    <0.001 |
|                       gwas.gpf.wrpf                                                     |    <0.001 |
|                       gwas.wsts                                                         |    <0.001 |
|                       wpntr                                                             |    <0.001 |
|                     gntv_or_sync_fifo.mem                                               |    <0.001 |
|                       gbm.gbmg.gbmga.ngecc.bmg                                          |    <0.001 |
|                         inst_blk_mem_gen                                                |    <0.001 |
|                           gnativebmg.native_blk_mem_gen                                 |    <0.001 |
|                             valid.cstr                                                  |    <0.001 |
|                               ramloop[0].ram.r                                          |    <0.001 |
|                                 prim_noinit.ram                                         |    <0.001 |
|                     rstblk                                                              |    <0.001 |
|         AXI_MandelRISC_v1_0_S00_AXI_inst                                                |     0.001 |
|     AXI_MandelRISC_2                                                                    |     0.025 |
|       inst                                                                              |     0.025 |
|         AXI_MandelRISC_v1_0_M00_AXI_inst                                                |     0.024 |
|           mandelrisc1                                                                   |     0.022 |
|             rfile_reg_0_15_0_5                                                          |    <0.001 |
|             rfile_reg_0_15_12_17                                                        |    <0.001 |
|             rfile_reg_0_15_18_23                                                        |    <0.001 |
|             rfile_reg_0_15_24_29                                                        |    <0.001 |
|             rfile_reg_0_15_30_35                                                        |    <0.001 |
|             rfile_reg_0_15_36_39                                                        |    <0.001 |
|             rfile_reg_0_15_6_11                                                         |    <0.001 |
|           pixel_fifo1                                                                   |     0.001 |
|             U0                                                                          |     0.001 |
|               inst_fifo_gen                                                             |     0.001 |
|                 gconvfifo.rf                                                            |     0.001 |
|                   grf.rf                                                                |     0.001 |
|                     gntv_or_sync_fifo.gcx.clkx                                          |    <0.001 |
|                       gsync_stage[1].rd_stg_inst                                        |    <0.001 |
|                       gsync_stage[1].wr_stg_inst                                        |    <0.001 |
|                       gsync_stage[2].rd_stg_inst                                        |    <0.001 |
|                       gsync_stage[2].wr_stg_inst                                        |    <0.001 |
|                     gntv_or_sync_fifo.gl0.rd                                            |    <0.001 |
|                       gr1.rfwft                                                         |    <0.001 |
|                       gras.rsts                                                         |    <0.001 |
|                       rpntr                                                             |    <0.001 |
|                     gntv_or_sync_fifo.gl0.wr                                            |    <0.001 |
|                       gwas.gpf.wrpf                                                     |    <0.001 |
|                       gwas.wsts                                                         |    <0.001 |
|                       wpntr                                                             |    <0.001 |
|                     gntv_or_sync_fifo.mem                                               |    <0.001 |
|                       gbm.gbmg.gbmga.ngecc.bmg                                          |    <0.001 |
|                         inst_blk_mem_gen                                                |    <0.001 |
|                           gnativebmg.native_blk_mem_gen                                 |    <0.001 |
|                             valid.cstr                                                  |    <0.001 |
|                               ramloop[0].ram.r                                          |    <0.001 |
|                                 prim_noinit.ram                                         |    <0.001 |
|                     rstblk                                                              |    <0.001 |
|         AXI_MandelRISC_v1_0_S00_AXI_inst                                                |     0.001 |
|     AXI_MandelRISC_3                                                                    |     0.025 |
|       inst                                                                              |     0.025 |
|         AXI_MandelRISC_v1_0_M00_AXI_inst                                                |     0.024 |
|           mandelrisc1                                                                   |     0.022 |
|             rfile_reg_0_15_0_5                                                          |    <0.001 |
|             rfile_reg_0_15_12_17                                                        |    <0.001 |
|             rfile_reg_0_15_18_23                                                        |    <0.001 |
|             rfile_reg_0_15_24_29                                                        |    <0.001 |
|             rfile_reg_0_15_30_35                                                        |    <0.001 |
|             rfile_reg_0_15_36_39                                                        |    <0.001 |
|             rfile_reg_0_15_6_11                                                         |    <0.001 |
|           pixel_fifo1                                                                   |     0.001 |
|             U0                                                                          |     0.001 |
|               inst_fifo_gen                                                             |     0.001 |
|                 gconvfifo.rf                                                            |     0.001 |
|                   grf.rf                                                                |     0.001 |
|                     gntv_or_sync_fifo.gcx.clkx                                          |    <0.001 |
|                       gsync_stage[1].rd_stg_inst                                        |    <0.001 |
|                       gsync_stage[1].wr_stg_inst                                        |    <0.001 |
|                       gsync_stage[2].rd_stg_inst                                        |    <0.001 |
|                       gsync_stage[2].wr_stg_inst                                        |    <0.001 |
|                     gntv_or_sync_fifo.gl0.rd                                            |    <0.001 |
|                       gr1.rfwft                                                         |    <0.001 |
|                       gras.rsts                                                         |    <0.001 |
|                       rpntr                                                             |    <0.001 |
|                     gntv_or_sync_fifo.gl0.wr                                            |    <0.001 |
|                       gwas.gpf.wrpf                                                     |    <0.001 |
|                       gwas.wsts                                                         |    <0.001 |
|                       wpntr                                                             |    <0.001 |
|                     gntv_or_sync_fifo.mem                                               |    <0.001 |
|                       gbm.gbmg.gbmga.ngecc.bmg                                          |    <0.001 |
|                         inst_blk_mem_gen                                                |    <0.001 |
|                           gnativebmg.native_blk_mem_gen                                 |    <0.001 |
|                             valid.cstr                                                  |    <0.001 |
|                               ramloop[0].ram.r                                          |    <0.001 |
|                                 prim_noinit.ram                                         |    <0.001 |
|                     rstblk                                                              |    <0.001 |
|         AXI_MandelRISC_v1_0_S00_AXI_inst                                                |     0.001 |
|     AXI_MandelRISC_4                                                                    |     0.025 |
|       inst                                                                              |     0.025 |
|         AXI_MandelRISC_v1_0_M00_AXI_inst                                                |     0.024 |
|           mandelrisc1                                                                   |     0.022 |
|             rfile_reg_0_15_0_5                                                          |    <0.001 |
|             rfile_reg_0_15_12_17                                                        |    <0.001 |
|             rfile_reg_0_15_18_23                                                        |    <0.001 |
|             rfile_reg_0_15_24_29                                                        |    <0.001 |
|             rfile_reg_0_15_30_35                                                        |    <0.001 |
|             rfile_reg_0_15_36_39                                                        |    <0.001 |
|             rfile_reg_0_15_6_11                                                         |    <0.001 |
|           pixel_fifo1                                                                   |     0.001 |
|             U0                                                                          |     0.001 |
|               inst_fifo_gen                                                             |     0.001 |
|                 gconvfifo.rf                                                            |     0.001 |
|                   grf.rf                                                                |     0.001 |
|                     gntv_or_sync_fifo.gcx.clkx                                          |    <0.001 |
|                       gsync_stage[1].rd_stg_inst                                        |    <0.001 |
|                       gsync_stage[1].wr_stg_inst                                        |    <0.001 |
|                       gsync_stage[2].rd_stg_inst                                        |    <0.001 |
|                       gsync_stage[2].wr_stg_inst                                        |    <0.001 |
|                     gntv_or_sync_fifo.gl0.rd                                            |    <0.001 |
|                       gr1.rfwft                                                         |    <0.001 |
|                       gras.rsts                                                         |    <0.001 |
|                       rpntr                                                             |    <0.001 |
|                     gntv_or_sync_fifo.gl0.wr                                            |    <0.001 |
|                       gwas.gpf.wrpf                                                     |    <0.001 |
|                       gwas.wsts                                                         |    <0.001 |
|                       wpntr                                                             |    <0.001 |
|                     gntv_or_sync_fifo.mem                                               |    <0.001 |
|                       gbm.gbmg.gbmga.ngecc.bmg                                          |    <0.001 |
|                         inst_blk_mem_gen                                                |    <0.001 |
|                           gnativebmg.native_blk_mem_gen                                 |    <0.001 |
|                             valid.cstr                                                  |    <0.001 |
|                               ramloop[0].ram.r                                          |    <0.001 |
|                                 prim_noinit.ram                                         |    <0.001 |
|                     rstblk                                                              |    <0.001 |
|         AXI_MandelRISC_v1_0_S00_AXI_inst                                                |     0.001 |
|     AXI_MandelRISC_5                                                                    |     0.026 |
|       inst                                                                              |     0.026 |
|         AXI_MandelRISC_v1_0_M00_AXI_inst                                                |     0.024 |
|           mandelrisc1                                                                   |     0.022 |
|             rfile_reg_0_15_0_5                                                          |    <0.001 |
|             rfile_reg_0_15_12_17                                                        |    <0.001 |
|             rfile_reg_0_15_18_23                                                        |    <0.001 |
|             rfile_reg_0_15_24_29                                                        |    <0.001 |
|             rfile_reg_0_15_30_35                                                        |    <0.001 |
|             rfile_reg_0_15_36_39                                                        |    <0.001 |
|             rfile_reg_0_15_6_11                                                         |    <0.001 |
|           pixel_fifo1                                                                   |     0.001 |
|             U0                                                                          |     0.001 |
|               inst_fifo_gen                                                             |     0.001 |
|                 gconvfifo.rf                                                            |     0.001 |
|                   grf.rf                                                                |     0.001 |
|                     gntv_or_sync_fifo.gcx.clkx                                          |    <0.001 |
|                       gsync_stage[1].rd_stg_inst                                        |    <0.001 |
|                       gsync_stage[1].wr_stg_inst                                        |    <0.001 |
|                       gsync_stage[2].rd_stg_inst                                        |    <0.001 |
|                       gsync_stage[2].wr_stg_inst                                        |    <0.001 |
|                     gntv_or_sync_fifo.gl0.rd                                            |    <0.001 |
|                       gr1.rfwft                                                         |    <0.001 |
|                       gras.rsts                                                         |    <0.001 |
|                       rpntr                                                             |    <0.001 |
|                     gntv_or_sync_fifo.gl0.wr                                            |    <0.001 |
|                       gwas.gpf.wrpf                                                     |    <0.001 |
|                       gwas.wsts                                                         |    <0.001 |
|                       wpntr                                                             |    <0.001 |
|                     gntv_or_sync_fifo.mem                                               |    <0.001 |
|                       gbm.gbmg.gbmga.ngecc.bmg                                          |    <0.001 |
|                         inst_blk_mem_gen                                                |    <0.001 |
|                           gnativebmg.native_blk_mem_gen                                 |    <0.001 |
|                             valid.cstr                                                  |    <0.001 |
|                               ramloop[0].ram.r                                          |    <0.001 |
|                                 prim_noinit.ram                                         |    <0.001 |
|                     rstblk                                                              |    <0.001 |
|         AXI_MandelRISC_v1_0_S00_AXI_inst                                                |     0.001 |
|     AXI_MandelRISC_6                                                                    |     0.025 |
|       inst                                                                              |     0.025 |
|         AXI_MandelRISC_v1_0_M00_AXI_inst                                                |     0.024 |
|           mandelrisc1                                                                   |     0.022 |
|             rfile_reg_0_15_0_5                                                          |    <0.001 |
|             rfile_reg_0_15_12_17                                                        |    <0.001 |
|             rfile_reg_0_15_18_23                                                        |    <0.001 |
|             rfile_reg_0_15_24_29                                                        |    <0.001 |
|             rfile_reg_0_15_30_35                                                        |    <0.001 |
|             rfile_reg_0_15_36_39                                                        |    <0.001 |
|             rfile_reg_0_15_6_11                                                         |    <0.001 |
|           pixel_fifo1                                                                   |     0.001 |
|             U0                                                                          |     0.001 |
|               inst_fifo_gen                                                             |     0.001 |
|                 gconvfifo.rf                                                            |     0.001 |
|                   grf.rf                                                                |     0.001 |
|                     gntv_or_sync_fifo.gcx.clkx                                          |    <0.001 |
|                       gsync_stage[1].rd_stg_inst                                        |    <0.001 |
|                       gsync_stage[1].wr_stg_inst                                        |    <0.001 |
|                       gsync_stage[2].rd_stg_inst                                        |    <0.001 |
|                       gsync_stage[2].wr_stg_inst                                        |    <0.001 |
|                     gntv_or_sync_fifo.gl0.rd                                            |    <0.001 |
|                       gr1.rfwft                                                         |    <0.001 |
|                       gras.rsts                                                         |    <0.001 |
|                       rpntr                                                             |    <0.001 |
|                     gntv_or_sync_fifo.gl0.wr                                            |    <0.001 |
|                       gwas.gpf.wrpf                                                     |    <0.001 |
|                       gwas.wsts                                                         |    <0.001 |
|                       wpntr                                                             |    <0.001 |
|                     gntv_or_sync_fifo.mem                                               |    <0.001 |
|                       gbm.gbmg.gbmga.ngecc.bmg                                          |    <0.001 |
|                         inst_blk_mem_gen                                                |    <0.001 |
|                           gnativebmg.native_blk_mem_gen                                 |    <0.001 |
|                             valid.cstr                                                  |    <0.001 |
|                               ramloop[0].ram.r                                          |    <0.001 |
|                                 prim_noinit.ram                                         |    <0.001 |
|                     rstblk                                                              |    <0.001 |
|         AXI_MandelRISC_v1_0_S00_AXI_inst                                                |     0.001 |
|     AXI_MandelRISC_7                                                                    |     0.025 |
|       inst                                                                              |     0.025 |
|         AXI_MandelRISC_v1_0_M00_AXI_inst                                                |     0.023 |
|           mandelrisc1                                                                   |     0.021 |
|             rfile_reg_0_15_0_5                                                          |    <0.001 |
|             rfile_reg_0_15_12_17                                                        |    <0.001 |
|             rfile_reg_0_15_18_23                                                        |    <0.001 |
|             rfile_reg_0_15_24_29                                                        |    <0.001 |
|             rfile_reg_0_15_30_35                                                        |    <0.001 |
|             rfile_reg_0_15_36_39                                                        |    <0.001 |
|             rfile_reg_0_15_6_11                                                         |    <0.001 |
|           pixel_fifo1                                                                   |     0.001 |
|             U0                                                                          |     0.001 |
|               inst_fifo_gen                                                             |     0.001 |
|                 gconvfifo.rf                                                            |     0.001 |
|                   grf.rf                                                                |     0.001 |
|                     gntv_or_sync_fifo.gcx.clkx                                          |    <0.001 |
|                       gsync_stage[1].rd_stg_inst                                        |    <0.001 |
|                       gsync_stage[1].wr_stg_inst                                        |    <0.001 |
|                       gsync_stage[2].rd_stg_inst                                        |    <0.001 |
|                       gsync_stage[2].wr_stg_inst                                        |    <0.001 |
|                     gntv_or_sync_fifo.gl0.rd                                            |    <0.001 |
|                       gr1.rfwft                                                         |    <0.001 |
|                       gras.rsts                                                         |    <0.001 |
|                       rpntr                                                             |    <0.001 |
|                     gntv_or_sync_fifo.gl0.wr                                            |    <0.001 |
|                       gwas.gpf.wrpf                                                     |    <0.001 |
|                       gwas.wsts                                                         |    <0.001 |
|                       wpntr                                                             |    <0.001 |
|                     gntv_or_sync_fifo.mem                                               |    <0.001 |
|                       gbm.gbmg.gbmga.ngecc.bmg                                          |    <0.001 |
|                         inst_blk_mem_gen                                                |    <0.001 |
|                           gnativebmg.native_blk_mem_gen                                 |    <0.001 |
|                             valid.cstr                                                  |    <0.001 |
|                               ramloop[0].ram.r                                          |    <0.001 |
|                                 prim_noinit.ram                                         |    <0.001 |
|                     rstblk                                                              |    <0.001 |
|         AXI_MandelRISC_v1_0_S00_AXI_inst                                                |     0.001 |
|     axi_crossbar_0                                                                      |     0.004 |
|       inst                                                                              |     0.004 |
|         gen_sasd.crossbar_sasd_0                                                        |     0.004 |
|           addr_arbiter_inst                                                             |     0.004 |
|           gen_decerr.decerr_slave_inst                                                  |    <0.001 |
|           splitter_aw                                                                   |    <0.001 |
|     axi_dispctrl_1                                                                      |     0.115 |
|       inst                                                                              |     0.115 |
|         Inst_vdma_to_vga                                                                |     0.002 |
|         USE_BUFR_DIV5.Inst_mmcme2_drp                                                   |     0.108 |
|         axi_dispctrl_v1_0_S_AXI_inst                                                    |     0.004 |
|     axi_interconnect_0                                                                  |     0.012 |
|       m00_couplers                                                                      |     0.004 |
|         auto_pc                                                                         |     0.004 |
|           inst                                                                          |     0.004 |
|             gen_axi4_axi3.axi3_conv_inst                                                |     0.004 |
|               USE_READ.USE_SPLIT_R.read_addr_inst                                       |     0.002 |
|                 USE_R_CHANNEL.cmd_queue                                                 |    <0.001 |
|                   inst                                                                  |    <0.001 |
|                     fifo_gen_inst                                                       |    <0.001 |
|                       inst_fifo_gen                                                     |    <0.001 |
|                         gconvfifo.rf                                                    |    <0.001 |
|                           grf.rf                                                        |    <0.001 |
|                             gntv_or_sync_fifo.gl0.rd                                    |    <0.001 |
|                               gr1.rfwft                                                 |    <0.001 |
|                               grss.rsts                                                 |    <0.001 |
|                               rpntr                                                     |    <0.001 |
|                             gntv_or_sync_fifo.gl0.wr                                    |    <0.001 |
|                               gwss.wsts                                                 |    <0.001 |
|                               wpntr                                                     |    <0.001 |
|                             gntv_or_sync_fifo.mem                                       |    <0.001 |
|                               gdm.dm                                                    |    <0.001 |
|                                 RAM_reg_0_31_0_0                                        |    <0.001 |
|                             rstblk                                                      |    <0.001 |
|               USE_WRITE.USE_SPLIT_W.write_resp_inst                                     |    <0.001 |
|               USE_WRITE.write_addr_inst                                                 |     0.003 |
|                 USE_BURSTS.cmd_queue                                                    |    <0.001 |
|                   inst                                                                  |    <0.001 |
|                     fifo_gen_inst                                                       |    <0.001 |
|                       inst_fifo_gen                                                     |    <0.001 |
|                         gconvfifo.rf                                                    |    <0.001 |
|                           grf.rf                                                        |    <0.001 |
|                             gntv_or_sync_fifo.gl0.rd                                    |    <0.001 |
|                               gr1.rfwft                                                 |    <0.001 |
|                               grss.rsts                                                 |    <0.001 |
|                               rpntr                                                     |    <0.001 |
|                             gntv_or_sync_fifo.gl0.wr                                    |    <0.001 |
|                               gwss.wsts                                                 |    <0.001 |
|                               wpntr                                                     |    <0.001 |
|                             gntv_or_sync_fifo.mem                                       |    <0.001 |
|                               gdm.dm                                                    |    <0.001 |
|                                 RAM_reg_0_31_0_4                                        |    <0.001 |
|                             rstblk                                                      |    <0.001 |
|                 USE_B_CHANNEL.cmd_b_queue                                               |    <0.001 |
|                   inst                                                                  |    <0.001 |
|                     fifo_gen_inst                                                       |    <0.001 |
|                       inst_fifo_gen                                                     |    <0.001 |
|                         gconvfifo.rf                                                    |    <0.001 |
|                           grf.rf                                                        |    <0.001 |
|                             gntv_or_sync_fifo.gl0.rd                                    |    <0.001 |
|                               gr1.rfwft                                                 |    <0.001 |
|                               grss.rsts                                                 |    <0.001 |
|                               rpntr                                                     |    <0.001 |
|                             gntv_or_sync_fifo.gl0.wr                                    |    <0.001 |
|                               gwss.wsts                                                 |    <0.001 |
|                               wpntr                                                     |    <0.001 |
|                             gntv_or_sync_fifo.mem                                       |    <0.001 |
|                               gdm.dm                                                    |    <0.001 |
|                                 RAM_reg_0_31_0_4                                        |    <0.001 |
|                             rstblk                                                      |    <0.001 |
|               USE_WRITE.write_data_inst                                                 |    <0.001 |
|       s01_couplers                                                                      |     0.004 |
|         auto_us                                                                         |     0.004 |
|           inst                                                                          |     0.004 |
|             gen_upsizer.gen_full_upsizer.axi_upsizer_inst                               |     0.004 |
|               USE_READ.gen_non_fifo_r_upsizer.mi_register_slice_inst                    |    <0.001 |
|                 r_pipe                                                                  |    <0.001 |
|               USE_READ.gen_non_fifo_r_upsizer.read_data_inst                            |    <0.001 |
|               USE_READ.read_addr_inst                                                   |    <0.001 |
|                 GEN_CMD_QUEUE.cmd_queue                                                 |    <0.001 |
|               USE_WRITE.gen_non_fifo_w_upsizer.write_data_inst                          |     0.001 |
|               USE_WRITE.write_addr_inst                                                 |    <0.001 |
|                 GEN_CMD_QUEUE.cmd_queue                                                 |    <0.001 |
|               si_register_slice_inst                                                    |     0.001 |
|                 ar_pipe                                                                 |    <0.001 |
|                 aw_pipe                                                                 |     0.001 |
|       xbar                                                                              |     0.004 |
|         inst                                                                            |     0.004 |
|           gen_samd.crossbar_samd                                                        |     0.004 |
|             addr_arbiter_ar                                                             |    <0.001 |
|             addr_arbiter_aw                                                             |    <0.001 |
|             gen_decerr_slave.decerr_slave_inst                                          |    <0.001 |
|             gen_master_slots[0].gen_mi_write.wdata_mux_w                                |    <0.001 |
|               gen_wmux.wmux_aw_fifo                                                     |    <0.001 |
|                 gen_srls[0].gen_rep[0].srl_nx1                                          |    <0.001 |
|             gen_master_slots[0].reg_slice_mi                                            |     0.001 |
|               b_pipe                                                                    |    <0.001 |
|               r_pipe                                                                    |     0.001 |
|             gen_master_slots[1].gen_mi_write.wdata_mux_w                                |    <0.001 |
|               gen_wmux.wmux_aw_fifo                                                     |    <0.001 |
|                 gen_srls[0].gen_rep[0].srl_nx1                                          |    <0.001 |
|             gen_master_slots[1].reg_slice_mi                                            |    <0.001 |
|               b_pipe                                                                    |    <0.001 |
|               r_pipe                                                                    |    <0.001 |
|             gen_slave_slots[0].gen_si_read.si_transactor_ar                             |    <0.001 |
|             gen_slave_slots[1].gen_si_read.si_transactor_ar                             |    <0.001 |
|             gen_slave_slots[1].gen_si_write.si_transactor_aw                            |    <0.001 |
|             gen_slave_slots[1].gen_si_write.splitter_aw_si                              |    <0.001 |
|             gen_slave_slots[1].gen_si_write.wdata_router_w                              |    <0.001 |
|               wrouter_aw_fifo                                                           |    <0.001 |
|                 gen_srls[0].gen_rep[0].srl_nx1                                          |    <0.001 |
|             splitter_aw_mi                                                              |    <0.001 |
|     axi_protocol_converter_0                                                            |     0.005 |
|       inst                                                                              |     0.005 |
|         gen_axilite.gen_b2s_conv.axilite_b2s                                            |     0.005 |
|           RD.ar_channel_0                                                               |    <0.001 |
|             ar_cmd_fsm_0                                                                |    <0.001 |
|             cmd_translator_0                                                            |    <0.001 |
|               incr_cmd_0                                                                |    <0.001 |
|               wrap_cmd_0                                                                |    <0.001 |
|           RD.r_channel_0                                                                |     0.001 |
|             rd_data_fifo_0                                                              |    <0.001 |
|             transaction_fifo_0                                                          |    <0.001 |
|           SI_REG                                                                        |     0.002 |
|             ar_pipe                                                                     |    <0.001 |
|             aw_pipe                                                                     |    <0.001 |
|             b_pipe                                                                      |    <0.001 |
|             r_pipe                                                                      |    <0.001 |
|           WR.aw_channel_0                                                               |    <0.001 |
|             aw_cmd_fsm_0                                                                |    <0.001 |
|             cmd_translator_0                                                            |    <0.001 |
|               incr_cmd_0                                                                |    <0.001 |
|               wrap_cmd_0                                                                |    <0.001 |
|           WR.b_channel_0                                                                |    <0.001 |
|             bid_fifo_0                                                                  |    <0.001 |
|             bresp_fifo_0                                                                |    <0.001 |
|     axi_vdma_1                                                                          |     0.019 |
|       U0                                                                                |     0.019 |
|         AXI_LITE_REG_INTERFACE_I                                                        |     0.003 |
|           GEN_AXI_LITE_IF.AXI_LITE_IF_I                                                 |     0.003 |
|             GEN_LITE_IS_ASYNC.GEN_MM2S_ONLY_ASYNC_LITE_ACCESS.LITE_WVALID_MM2S_CDC_I    |    <0.001 |
|         GEN_SPRT_FOR_MM2S.I_MM2S_DMA_MNGR                                               |     0.002 |
|           I_CMDSTS                                                                      |    <0.001 |
|           I_SM                                                                          |    <0.001 |
|           I_STS_MNGR                                                                    |    <0.001 |
|           VIDEO_GENLOCK_I                                                               |    <0.001 |
|             GENLOCK_FOR_SLAVE.GENLOCK_MUX_I                                             |    <0.001 |
|           VIDEO_REG_I                                                                   |    <0.001 |
|             GEN_REGISTER_DIRECT.GEN_REGDIRECT_DRES.VIDREGISTER_I                        |    <0.001 |
|         GEN_SPRT_FOR_MM2S.MM2S_FSYNC_I                                                  |    <0.001 |
|         GEN_SPRT_FOR_MM2S.MM2S_LINEBUFFER_I                                             |     0.006 |
|           GEN_LINEBUF_FLUSH_SOF.GEN_FOR_ASYNC.ALL_LINES_XFRED_P_S_CDC_I                 |    <0.001 |
|           GEN_LINEBUF_FLUSH_SOF.GEN_FOR_ASYNC.HALT_CDC_I                                |    <0.001 |
|           GEN_LINEBUF_FLUSH_SOF.GEN_FOR_ASYNC.MM2S_FSIZE_ERR_CDC_I                      |    <0.001 |
|           GEN_LINEBUF_FLUSH_SOF.GEN_FOR_ASYNC.MM2S_FSYNC_OUT_CDC_I_FLUSH_SOF            |    <0.001 |
|           GEN_LINEBUF_FLUSH_SOF.GEN_FOR_ASYNC.MM2S_RUN_STOP_CDC_I                       |    <0.001 |
|           GEN_LINEBUF_FLUSH_SOF.GEN_FOR_ASYNC.SHUTDOWN_RST_CDC_I                        |    <0.001 |
|           GEN_LINEBUF_FLUSH_SOF.GEN_LINEBUFFER.GEN_ASYNC_FIFO.LB_BRAM.I_LINEBUFFER_FIFO |     0.005 |
|             fg_inst                                                                     |     0.005 |
|               inst_fifo_gen                                                             |     0.005 |
|                 gconvfifo.rf                                                            |     0.005 |
|                   grf.rf                                                                |     0.005 |
|                     gntv_or_sync_fifo.gcx.clkx                                          |    <0.001 |
|                       gsync_stage[1].rd_stg_inst                                        |    <0.001 |
|                       gsync_stage[1].wr_stg_inst                                        |    <0.001 |
|                       gsync_stage[2].rd_stg_inst                                        |    <0.001 |
|                       gsync_stage[2].wr_stg_inst                                        |    <0.001 |
|                       gsync_stage[3].rd_stg_inst                                        |    <0.001 |
|                       gsync_stage[3].wr_stg_inst                                        |    <0.001 |
|                       gsync_stage[4].rd_stg_inst                                        |    <0.001 |
|                       gsync_stage[4].wr_stg_inst                                        |    <0.001 |
|                     gntv_or_sync_fifo.gl0.rd                                            |    <0.001 |
|                       gr1.rfwft                                                         |    <0.001 |
|                       gras.rsts                                                         |    <0.001 |
|                         c0                                                              |     0.000 |
|                         c1                                                              |    <0.001 |
|                       rpntr                                                             |    <0.001 |
|                     gntv_or_sync_fifo.gl0.wr                                            |    <0.001 |
|                       gwas.wsts                                                         |    <0.001 |
|                         c1                                                              |    <0.001 |
|                         c2                                                              |    <0.001 |
|                       wpntr                                                             |    <0.001 |
|                     gntv_or_sync_fifo.mem                                               |     0.004 |
|                       gbm.gbmg.gbmgb.ngecc.bmg                                          |     0.004 |
|                         inst_blk_mem_gen                                                |     0.004 |
|                           gnativebmg.native_blk_mem_gen                                 |     0.004 |
|                             valid.cstr                                                  |     0.004 |
|                               ramloop[0].ram.r                                          |     0.002 |
|                                 prim_noinit.ram                                         |     0.002 |
|                               ramloop[1].ram.r                                          |     0.002 |
|                                 prim_noinit.ram                                         |     0.002 |
|                     rstblk                                                              |    <0.001 |
|           GEN_LINEBUF_FLUSH_SOF.GEN_LINEBUFFER.I_MSTR_SKID                              |    <0.001 |
|         GEN_SPRT_FOR_MM2S.MM2S_REGISTER_MODULE_I                                        |     0.001 |
|           GEN_REG_DIRECT_MODE.REGDIRECT_I                                               |    <0.001 |
|           I_DMA_REGISTER                                                                |    <0.001 |
|           LITE_READ_MUX_I                                                               |     0.000 |
|         GEN_SPRT_FOR_MM2S.MM2S_SOF_I                                                    |    <0.001 |
|         GEN_SPRT_FOR_MM2S.MM2S_VID_CDC_I                                                |    <0.001 |
|           GEN_CDC_FOR_ASYNC.FSYNC_IN_CDC_I                                              |    <0.001 |
|           GEN_CDC_FOR_ASYNC.FSYNC_OUT_CDC_I                                             |    <0.001 |
|           GEN_CDC_FOR_ASYNC.SOF_CDC_I                                                   |    <0.001 |
|         I_AXI_DMA_INTRPT                                                                |    <0.001 |
|         I_PRMRY_DATAMOVER                                                               |     0.006 |
|           GEN_MM2S_FULL.I_MM2S_FULL_WRAPPER                                             |     0.006 |
|             GEN_INCLUDE_MM2S_SF.I_RD_SF                                                 |     0.003 |
|               I_DATA_FIFO                                                               |     0.003 |
|                 BLK_MEM.I_SYNC_FIFOGEN_FIFO                                             |     0.003 |
|                   FAMILY_SUPPORTED.I_SYNC_FIFO_BRAM                                     |     0.003 |
|                     inst_fifo_gen                                                       |     0.003 |
|                       gconvfifo.rf                                                      |     0.003 |
|                         grf.rf                                                          |     0.003 |
|                           gntv_or_sync_fifo.gl0.rd                                      |    <0.001 |
|                             gr1.rfwft                                                   |    <0.001 |
|                             grss.gdc.dc                                                 |    <0.001 |
|                               gsym_dc.dc                                                |    <0.001 |
|                             grss.rsts                                                   |    <0.001 |
|                             rpntr                                                       |    <0.001 |
|                           gntv_or_sync_fifo.gl0.wr                                      |    <0.001 |
|                             gwss.wsts                                                   |    <0.001 |
|                             wpntr                                                       |    <0.001 |
|                           gntv_or_sync_fifo.mem                                         |     0.003 |
|                             gbm.gbmg.gbmgb.ngecc.bmg                                    |     0.003 |
|                               inst_blk_mem_gen                                          |     0.003 |
|                                 gnativebmg.native_blk_mem_gen                           |     0.003 |
|                                   valid.cstr                                            |     0.003 |
|                                     ramloop[0].ram.r                                    |     0.003 |
|                                       prim_noinit.ram                                   |     0.003 |
|               OMIT_DRE_CNTL.I_DRE_CNTL_FIFO                                             |    <0.001 |
|                 USE_SRL_FIFO.I_SYNC_FIFO                                                |    <0.001 |
|                   I_SRL_FIFO_RBU_F                                                      |    <0.001 |
|                     CNTR_INCR_DECR_ADDN_F_I                                             |    <0.001 |
|                     DYNSHREG_F_I                                                        |    <0.001 |
|             I_ADDR_CNTL                                                                 |    <0.001 |
|               GEN_ADDR_FIFO.I_ADDR_QUAL_FIFO                                            |    <0.001 |
|                 USE_SRL_FIFO.I_SYNC_FIFO                                                |    <0.001 |
|                   I_SRL_FIFO_RBU_F                                                      |    <0.001 |
|                     CNTR_INCR_DECR_ADDN_F_I                                             |    <0.001 |
|                     DYNSHREG_F_I                                                        |    <0.001 |
|             I_CMD_STATUS                                                                |    <0.001 |
|               GEN_INCLUDE_STATUS_FIFO.I_STS_FIFO                                        |    <0.001 |
|                 USE_SRL_FIFO.I_SYNC_FIFO                                                |    <0.001 |
|                   I_SRL_FIFO_RBU_F                                                      |    <0.001 |
|                     CNTR_INCR_DECR_ADDN_F_I                                             |    <0.001 |
|                     DYNSHREG_F_I                                                        |    <0.001 |
|               I_CMD_FIFO                                                                |    <0.001 |
|                 USE_SRL_FIFO.I_SYNC_FIFO                                                |    <0.001 |
|                   I_SRL_FIFO_RBU_F                                                      |    <0.001 |
|                     CNTR_INCR_DECR_ADDN_F_I                                             |    <0.001 |
|                     DYNSHREG_F_I                                                        |    <0.001 |
|             I_MSTR_PCC                                                                  |     0.001 |
|             I_RD_DATA_CNTL                                                              |    <0.001 |
|               GEN_DATA_CNTL_FIFO.I_DATA_CNTL_FIFO                                       |    <0.001 |
|                 USE_SRL_FIFO.I_SYNC_FIFO                                                |    <0.001 |
|                   I_SRL_FIFO_RBU_F                                                      |    <0.001 |
|                     CNTR_INCR_DECR_ADDN_F_I                                             |    <0.001 |
|                     DYNSHREG_F_I                                                        |    <0.001 |
|             I_RD_STATUS_CNTLR                                                           |    <0.001 |
|             I_RESET                                                                     |    <0.001 |
|         I_RST_MODULE                                                                    |    <0.001 |
|           GEN_RESET_FOR_MM2S.RESET_I                                                    |    <0.001 |
|             GEN_MIN_FOR_ASYNC.AXIS_CLR_CDC_I                                            |    <0.001 |
|             GEN_MIN_FOR_ASYNC.AXIS_IDLE_CDC_I                                           |    <0.001 |
|             GEN_MIN_FOR_ASYNC.AXIS_MIN_CDC_I                                            |    <0.001 |
|             GEN_MIN_FOR_ASYNC.AXIS_RESET_CDC_I                                          |    <0.001 |
|             GEN_MIN_FOR_ASYNC.LITE_CLR_CDC_I                                            |    <0.001 |
|             GEN_MIN_FOR_ASYNC.LITE_IDLE_CDC_I                                           |    <0.001 |
|             GEN_MIN_FOR_ASYNC.LITE_MIN_CDC_I                                            |    <0.001 |
|             GEN_MIN_FOR_ASYNC.LITE_RESET_CDC_I                                          |    <0.001 |
|             GEN_RESET_FOR_ASYNC.AXIS_RESET_CDC_I                                        |    <0.001 |
|             GEN_RESET_FOR_ASYNC.HARD_RESET_CDC_I                                        |    <0.001 |
|     ground                                                                              |     0.000 |
|     hdmi_tx_0                                                                           |     0.187 |
|       U0                                                                                |     0.187 |
|         Inst_DVITransmitter                                                             |     0.187 |
|           Inst_TMDSEncoder_blue                                                         |    <0.001 |
|           Inst_TMDSEncoder_green                                                        |    <0.001 |
|           Inst_TMDSEncoder_red                                                          |     0.001 |
|           Inst_clk_serializer_10_1                                                      |     0.045 |
|           Inst_d0_serializer_10_1                                                       |     0.047 |
|           Inst_d1_serializer_10_1                                                       |     0.046 |
|           Inst_d2_serializer_10_1                                                       |     0.046 |
|     proc_sys_reset_0                                                                    |    <0.001 |
|       U0                                                                                |    <0.001 |
|         EXT_LPF                                                                         |    <0.001 |
|           ACTIVE_LOW_EXT.ACT_LO_EXT                                                     |    <0.001 |
|         SEQ                                                                             |    <0.001 |
|           SEQ_COUNTER                                                                   |    <0.001 |
|     proc_sys_reset_1                                                                    |    <0.001 |
|       U0                                                                                |    <0.001 |
|         EXT_LPF                                                                         |    <0.001 |
|           ACTIVE_LOW_EXT.ACT_LO_EXT                                                     |    <0.001 |
|         SEQ                                                                             |    <0.001 |
|           SEQ_COUNTER                                                                   |    <0.001 |
|     processing_system7_0                                                                |     1.353 |
|       inst                                                                              |     1.353 |
|     processing_system7_0_axi_periph                                                     |     0.008 |
|       m00_couplers                                                                      |    <0.001 |
|         m00_regslice                                                                    |    <0.001 |
|           inst                                                                          |    <0.001 |
|             ar_pipe                                                                     |    <0.001 |
|             aw_pipe                                                                     |    <0.001 |
|             b_pipe                                                                      |    <0.001 |
|             r_pipe                                                                      |    <0.001 |
|             w_pipe                                                                      |    <0.001 |
|       m01_couplers                                                                      |    <0.001 |
|         m01_regslice                                                                    |    <0.001 |
|           inst                                                                          |    <0.001 |
|             ar_pipe                                                                     |    <0.001 |
|             aw_pipe                                                                     |    <0.001 |
|             b_pipe                                                                      |    <0.001 |
|             r_pipe                                                                      |    <0.001 |
|             w_pipe                                                                      |    <0.001 |
|       m02_couplers                                                                      |    <0.001 |
|         m02_regslice                                                                    |    <0.001 |
|           inst                                                                          |    <0.001 |
|             ar_pipe                                                                     |    <0.001 |
|             aw_pipe                                                                     |    <0.001 |
|             b_pipe                                                                      |    <0.001 |
|             r_pipe                                                                      |    <0.001 |
|             w_pipe                                                                      |    <0.001 |
|       m03_couplers                                                                      |    <0.001 |
|         m03_regslice                                                                    |    <0.001 |
|           inst                                                                          |    <0.001 |
|             ar_pipe                                                                     |    <0.001 |
|             aw_pipe                                                                     |    <0.001 |
|             b_pipe                                                                      |    <0.001 |
|             r_pipe                                                                      |    <0.001 |
|             w_pipe                                                                      |    <0.001 |
|       m04_couplers                                                                      |    <0.001 |
|         m04_regslice                                                                    |    <0.001 |
|           inst                                                                          |    <0.001 |
|             ar_pipe                                                                     |    <0.001 |
|             aw_pipe                                                                     |    <0.001 |
|             b_pipe                                                                      |    <0.001 |
|             r_pipe                                                                      |    <0.001 |
|             w_pipe                                                                      |    <0.001 |
|       m05_couplers                                                                      |    <0.001 |
|         m05_regslice                                                                    |    <0.001 |
|           inst                                                                          |    <0.001 |
|             ar_pipe                                                                     |    <0.001 |
|             aw_pipe                                                                     |    <0.001 |
|             b_pipe                                                                      |    <0.001 |
|             r_pipe                                                                      |    <0.001 |
|             w_pipe                                                                      |    <0.001 |
|       m06_couplers                                                                      |    <0.001 |
|         m06_regslice                                                                    |    <0.001 |
|           inst                                                                          |    <0.001 |
|             ar_pipe                                                                     |    <0.001 |
|             aw_pipe                                                                     |    <0.001 |
|             b_pipe                                                                      |    <0.001 |
|             r_pipe                                                                      |    <0.001 |
|             w_pipe                                                                      |    <0.001 |
|       m07_couplers                                                                      |    <0.001 |
|         m07_regslice                                                                    |    <0.001 |
|           inst                                                                          |    <0.001 |
|             ar_pipe                                                                     |    <0.001 |
|             aw_pipe                                                                     |    <0.001 |
|             b_pipe                                                                      |    <0.001 |
|             r_pipe                                                                      |    <0.001 |
|             w_pipe                                                                      |    <0.001 |
|       m08_couplers                                                                      |    <0.001 |
|         m08_regslice                                                                    |    <0.001 |
|           inst                                                                          |    <0.001 |
|             ar_pipe                                                                     |    <0.001 |
|             aw_pipe                                                                     |    <0.001 |
|             b_pipe                                                                      |    <0.001 |
|             r_pipe                                                                      |    <0.001 |
|             w_pipe                                                                      |    <0.001 |
|       m09_couplers                                                                      |    <0.001 |
|         m09_regslice                                                                    |    <0.001 |
|           inst                                                                          |    <0.001 |
|             ar_pipe                                                                     |    <0.001 |
|             aw_pipe                                                                     |    <0.001 |
|             b_pipe                                                                      |    <0.001 |
|             r_pipe                                                                      |    <0.001 |
|             w_pipe                                                                      |    <0.001 |
|       s00_couplers                                                                      |     0.000 |
|         s00_data_fifo                                                                   |     0.000 |
|       xbar                                                                              |    <0.001 |
|         inst                                                                            |    <0.001 |
|           gen_sasd.crossbar_sasd_0                                                      |    <0.001 |
|             addr_arbiter_inst                                                           |    <0.001 |
|             gen_decerr.decerr_slave_inst                                                |    <0.001 |
|             splitter_ar                                                                 |    <0.001 |
|             splitter_aw                                                                 |    <0.001 |
|     vdd                                                                                 |     0.000 |
+-----------------------------------------------------------------------------------------+-----------+


