Copyright 1986-2014 Xilinx, Inc. All Rights Reserved.
------------------------------------------------------------------------------------
| Tool Version : Vivado v.2014.3 (win64) Build 1034051 Fri Oct  3 17:14:12 MDT 2014
| Date         : Mon Oct 20 23:28:58 2014
| Host         : Viper running 64-bit Service Pack 1  (build 7601)
| Command      : report_drc
------------------------------------------------------------------------------------

Report DRC

Table of Contents
-----------------
1. REPORT SUMMARY
2. REPORT DETAILS

1. REPORT SUMMARY
-----------------
            Netlist: netlist
          Floorplan: design_1
      Design limits: <entire design considered>
           Ruledeck: default
           Max violations: <unlimited>
         Violations found: 67

2. REPORT DETAILS
-----------------
CFGBVS-1#1 Warning
Missing CFGBVS and CONFIG_VOLTAGE Design Properties  
Neither the CFGBVS nor CONFIG_VOLTAGE voltage property is set in the current_design.  Configuration bank voltage select (CFGBVS) must be set to VCCO or GND, and CONFIG_VOLTAGE must be set to the correct configuration voltage, in order to determine the I/O voltage support for the pins in bank 0.  It is suggested to specify these either using the 'Edit Device Properties' function in the GUI or directly in the XDC file using the following syntax:

 set_property CFGBVS value1 [current_design]
 #where value1 is either VCCO or GND

 set_property CONFIG_VOLTAGE value2 [current_design]
 #where value2 is the voltage provided to configuration bank 0

Refer to the device configuration user guide for more information.
Related violations: <none>

DPIP-1#1 Warning
Input pipelining  
DSP system_i/AXI_MandelRISC_0/inst/AXI_MandelRISC_v1_0_M00_AXI_inst/mandelrisc1/in00/in00 input A B is not pipelined. Pipelining DSP48 input will improve performance.
Related violations: <none>

DPIP-1#2 Warning
Input pipelining  
DSP system_i/AXI_MandelRISC_0/inst/AXI_MandelRISC_v1_0_M00_AXI_inst/mandelrisc1/in00__0/in00 input A B is not pipelined. Pipelining DSP48 input will improve performance.
Related violations: <none>

DPIP-1#3 Warning
Input pipelining  
DSP system_i/AXI_MandelRISC_0/inst/AXI_MandelRISC_v1_0_M00_AXI_inst/mandelrisc1/in00__1/in00 input A B is not pipelined. Pipelining DSP48 input will improve performance.
Related violations: <none>

DPIP-1#4 Warning
Input pipelining  
DSP system_i/AXI_MandelRISC_0/inst/AXI_MandelRISC_v1_0_M00_AXI_inst/mandelrisc1/in00__2/in00 input A B is not pipelined. Pipelining DSP48 input will improve performance.
Related violations: <none>

DPIP-1#5 Warning
Input pipelining  
DSP system_i/AXI_MandelRISC_1/inst/AXI_MandelRISC_v1_0_M00_AXI_inst/mandelrisc1/in00/in00 input A B is not pipelined. Pipelining DSP48 input will improve performance.
Related violations: <none>

DPIP-1#6 Warning
Input pipelining  
DSP system_i/AXI_MandelRISC_1/inst/AXI_MandelRISC_v1_0_M00_AXI_inst/mandelrisc1/in00__0/in00 input A B is not pipelined. Pipelining DSP48 input will improve performance.
Related violations: <none>

DPIP-1#7 Warning
Input pipelining  
DSP system_i/AXI_MandelRISC_1/inst/AXI_MandelRISC_v1_0_M00_AXI_inst/mandelrisc1/in00__1/in00 input A B is not pipelined. Pipelining DSP48 input will improve performance.
Related violations: <none>

DPIP-1#8 Warning
Input pipelining  
DSP system_i/AXI_MandelRISC_1/inst/AXI_MandelRISC_v1_0_M00_AXI_inst/mandelrisc1/in00__2/in00 input A B is not pipelined. Pipelining DSP48 input will improve performance.
Related violations: <none>

DPIP-1#9 Warning
Input pipelining  
DSP system_i/AXI_MandelRISC_2/inst/AXI_MandelRISC_v1_0_M00_AXI_inst/mandelrisc1/in00/in00 input A B is not pipelined. Pipelining DSP48 input will improve performance.
Related violations: <none>

DPIP-1#10 Warning
Input pipelining  
DSP system_i/AXI_MandelRISC_2/inst/AXI_MandelRISC_v1_0_M00_AXI_inst/mandelrisc1/in00__0/in00 input A B is not pipelined. Pipelining DSP48 input will improve performance.
Related violations: <none>

DPIP-1#11 Warning
Input pipelining  
DSP system_i/AXI_MandelRISC_2/inst/AXI_MandelRISC_v1_0_M00_AXI_inst/mandelrisc1/in00__1/in00 input A B is not pipelined. Pipelining DSP48 input will improve performance.
Related violations: <none>

DPIP-1#12 Warning
Input pipelining  
DSP system_i/AXI_MandelRISC_2/inst/AXI_MandelRISC_v1_0_M00_AXI_inst/mandelrisc1/in00__2/in00 input A B is not pipelined. Pipelining DSP48 input will improve performance.
Related violations: <none>

DPIP-1#13 Warning
Input pipelining  
DSP system_i/AXI_MandelRISC_3/inst/AXI_MandelRISC_v1_0_M00_AXI_inst/mandelrisc1/in00/in00 input A B is not pipelined. Pipelining DSP48 input will improve performance.
Related violations: <none>

DPIP-1#14 Warning
Input pipelining  
DSP system_i/AXI_MandelRISC_3/inst/AXI_MandelRISC_v1_0_M00_AXI_inst/mandelrisc1/in00__0/in00 input A B is not pipelined. Pipelining DSP48 input will improve performance.
Related violations: <none>

DPIP-1#15 Warning
Input pipelining  
DSP system_i/AXI_MandelRISC_3/inst/AXI_MandelRISC_v1_0_M00_AXI_inst/mandelrisc1/in00__1/in00 input A B is not pipelined. Pipelining DSP48 input will improve performance.
Related violations: <none>

DPIP-1#16 Warning
Input pipelining  
DSP system_i/AXI_MandelRISC_3/inst/AXI_MandelRISC_v1_0_M00_AXI_inst/mandelrisc1/in00__2/in00 input A B is not pipelined. Pipelining DSP48 input will improve performance.
Related violations: <none>

DPIP-1#17 Warning
Input pipelining  
DSP system_i/AXI_MandelRISC_4/inst/AXI_MandelRISC_v1_0_M00_AXI_inst/mandelrisc1/in00/in00 input A B is not pipelined. Pipelining DSP48 input will improve performance.
Related violations: <none>

DPIP-1#18 Warning
Input pipelining  
DSP system_i/AXI_MandelRISC_4/inst/AXI_MandelRISC_v1_0_M00_AXI_inst/mandelrisc1/in00__0/in00 input A B is not pipelined. Pipelining DSP48 input will improve performance.
Related violations: <none>

DPIP-1#19 Warning
Input pipelining  
DSP system_i/AXI_MandelRISC_4/inst/AXI_MandelRISC_v1_0_M00_AXI_inst/mandelrisc1/in00__1/in00 input A B is not pipelined. Pipelining DSP48 input will improve performance.
Related violations: <none>

DPIP-1#20 Warning
Input pipelining  
DSP system_i/AXI_MandelRISC_4/inst/AXI_MandelRISC_v1_0_M00_AXI_inst/mandelrisc1/in00__2/in00 input A B is not pipelined. Pipelining DSP48 input will improve performance.
Related violations: <none>

DPIP-1#21 Warning
Input pipelining  
DSP system_i/AXI_MandelRISC_5/inst/AXI_MandelRISC_v1_0_M00_AXI_inst/mandelrisc1/in00/in00 input A B is not pipelined. Pipelining DSP48 input will improve performance.
Related violations: <none>

DPIP-1#22 Warning
Input pipelining  
DSP system_i/AXI_MandelRISC_5/inst/AXI_MandelRISC_v1_0_M00_AXI_inst/mandelrisc1/in00__0/in00 input A B is not pipelined. Pipelining DSP48 input will improve performance.
Related violations: <none>

DPIP-1#23 Warning
Input pipelining  
DSP system_i/AXI_MandelRISC_5/inst/AXI_MandelRISC_v1_0_M00_AXI_inst/mandelrisc1/in00__1/in00 input A B is not pipelined. Pipelining DSP48 input will improve performance.
Related violations: <none>

DPIP-1#24 Warning
Input pipelining  
DSP system_i/AXI_MandelRISC_5/inst/AXI_MandelRISC_v1_0_M00_AXI_inst/mandelrisc1/in00__2/in00 input A B is not pipelined. Pipelining DSP48 input will improve performance.
Related violations: <none>

DPIP-1#25 Warning
Input pipelining  
DSP system_i/AXI_MandelRISC_6/inst/AXI_MandelRISC_v1_0_M00_AXI_inst/mandelrisc1/in00/in00 input A B is not pipelined. Pipelining DSP48 input will improve performance.
Related violations: <none>

DPIP-1#26 Warning
Input pipelining  
DSP system_i/AXI_MandelRISC_6/inst/AXI_MandelRISC_v1_0_M00_AXI_inst/mandelrisc1/in00__0/in00 input A B is not pipelined. Pipelining DSP48 input will improve performance.
Related violations: <none>

DPIP-1#27 Warning
Input pipelining  
DSP system_i/AXI_MandelRISC_6/inst/AXI_MandelRISC_v1_0_M00_AXI_inst/mandelrisc1/in00__1/in00 input A B is not pipelined. Pipelining DSP48 input will improve performance.
Related violations: <none>

DPIP-1#28 Warning
Input pipelining  
DSP system_i/AXI_MandelRISC_6/inst/AXI_MandelRISC_v1_0_M00_AXI_inst/mandelrisc1/in00__2/in00 input A B is not pipelined. Pipelining DSP48 input will improve performance.
Related violations: <none>

DPIP-1#29 Warning
Input pipelining  
DSP system_i/AXI_MandelRISC_7/inst/AXI_MandelRISC_v1_0_M00_AXI_inst/mandelrisc1/in00/in00 input A B is not pipelined. Pipelining DSP48 input will improve performance.
Related violations: <none>

DPIP-1#30 Warning
Input pipelining  
DSP system_i/AXI_MandelRISC_7/inst/AXI_MandelRISC_v1_0_M00_AXI_inst/mandelrisc1/in00__0/in00 input A B is not pipelined. Pipelining DSP48 input will improve performance.
Related violations: <none>

DPIP-1#31 Warning
Input pipelining  
DSP system_i/AXI_MandelRISC_7/inst/AXI_MandelRISC_v1_0_M00_AXI_inst/mandelrisc1/in00__1/in00 input A B is not pipelined. Pipelining DSP48 input will improve performance.
Related violations: <none>

DPIP-1#32 Warning
Input pipelining  
DSP system_i/AXI_MandelRISC_7/inst/AXI_MandelRISC_v1_0_M00_AXI_inst/mandelrisc1/in00__2/in00 input A B is not pipelined. Pipelining DSP48 input will improve performance.
Related violations: <none>

DPOP-1#1 Warning
Output pipelining  
DSP system_i/AXI_MandelRISC_0/inst/AXI_MandelRISC_v1_0_M00_AXI_inst/mandelrisc1/in00/in00 output P is not pipelined. Pipelining DSP48 output will improve performance. Both multiplier/adder output can be pipelined.
Related violations: <none>

DPOP-1#2 Warning
Output pipelining  
DSP system_i/AXI_MandelRISC_0/inst/AXI_MandelRISC_v1_0_M00_AXI_inst/mandelrisc1/in00__0/in00 output P is not pipelined. Pipelining DSP48 output will improve performance. Both multiplier/adder output can be pipelined.
Related violations: <none>

DPOP-1#3 Warning
Output pipelining  
DSP system_i/AXI_MandelRISC_0/inst/AXI_MandelRISC_v1_0_M00_AXI_inst/mandelrisc1/in00__1/in00 output P is not pipelined. Pipelining DSP48 output will improve performance. Both multiplier/adder output can be pipelined.
Related violations: <none>

DPOP-1#4 Warning
Output pipelining  
DSP system_i/AXI_MandelRISC_0/inst/AXI_MandelRISC_v1_0_M00_AXI_inst/mandelrisc1/in00__2/in00 output P is not pipelined. Pipelining DSP48 output will improve performance. Both multiplier/adder output can be pipelined.
Related violations: <none>

DPOP-1#5 Warning
Output pipelining  
DSP system_i/AXI_MandelRISC_1/inst/AXI_MandelRISC_v1_0_M00_AXI_inst/mandelrisc1/in00/in00 output P is not pipelined. Pipelining DSP48 output will improve performance. Both multiplier/adder output can be pipelined.
Related violations: <none>

DPOP-1#6 Warning
Output pipelining  
DSP system_i/AXI_MandelRISC_1/inst/AXI_MandelRISC_v1_0_M00_AXI_inst/mandelrisc1/in00__0/in00 output P is not pipelined. Pipelining DSP48 output will improve performance. Both multiplier/adder output can be pipelined.
Related violations: <none>

DPOP-1#7 Warning
Output pipelining  
DSP system_i/AXI_MandelRISC_1/inst/AXI_MandelRISC_v1_0_M00_AXI_inst/mandelrisc1/in00__1/in00 output P is not pipelined. Pipelining DSP48 output will improve performance. Both multiplier/adder output can be pipelined.
Related violations: <none>

DPOP-1#8 Warning
Output pipelining  
DSP system_i/AXI_MandelRISC_1/inst/AXI_MandelRISC_v1_0_M00_AXI_inst/mandelrisc1/in00__2/in00 output P is not pipelined. Pipelining DSP48 output will improve performance. Both multiplier/adder output can be pipelined.
Related violations: <none>

DPOP-1#9 Warning
Output pipelining  
DSP system_i/AXI_MandelRISC_2/inst/AXI_MandelRISC_v1_0_M00_AXI_inst/mandelrisc1/in00/in00 output P is not pipelined. Pipelining DSP48 output will improve performance. Both multiplier/adder output can be pipelined.
Related violations: <none>

DPOP-1#10 Warning
Output pipelining  
DSP system_i/AXI_MandelRISC_2/inst/AXI_MandelRISC_v1_0_M00_AXI_inst/mandelrisc1/in00__0/in00 output P is not pipelined. Pipelining DSP48 output will improve performance. Both multiplier/adder output can be pipelined.
Related violations: <none>

DPOP-1#11 Warning
Output pipelining  
DSP system_i/AXI_MandelRISC_2/inst/AXI_MandelRISC_v1_0_M00_AXI_inst/mandelrisc1/in00__1/in00 output P is not pipelined. Pipelining DSP48 output will improve performance. Both multiplier/adder output can be pipelined.
Related violations: <none>

DPOP-1#12 Warning
Output pipelining  
DSP system_i/AXI_MandelRISC_2/inst/AXI_MandelRISC_v1_0_M00_AXI_inst/mandelrisc1/in00__2/in00 output P is not pipelined. Pipelining DSP48 output will improve performance. Both multiplier/adder output can be pipelined.
Related violations: <none>

DPOP-1#13 Warning
Output pipelining  
DSP system_i/AXI_MandelRISC_3/inst/AXI_MandelRISC_v1_0_M00_AXI_inst/mandelrisc1/in00/in00 output P is not pipelined. Pipelining DSP48 output will improve performance. Both multiplier/adder output can be pipelined.
Related violations: <none>

DPOP-1#14 Warning
Output pipelining  
DSP system_i/AXI_MandelRISC_3/inst/AXI_MandelRISC_v1_0_M00_AXI_inst/mandelrisc1/in00__0/in00 output P is not pipelined. Pipelining DSP48 output will improve performance. Both multiplier/adder output can be pipelined.
Related violations: <none>

DPOP-1#15 Warning
Output pipelining  
DSP system_i/AXI_MandelRISC_3/inst/AXI_MandelRISC_v1_0_M00_AXI_inst/mandelrisc1/in00__1/in00 output P is not pipelined. Pipelining DSP48 output will improve performance. Both multiplier/adder output can be pipelined.
Related violations: <none>

DPOP-1#16 Warning
Output pipelining  
DSP system_i/AXI_MandelRISC_3/inst/AXI_MandelRISC_v1_0_M00_AXI_inst/mandelrisc1/in00__2/in00 output P is not pipelined. Pipelining DSP48 output will improve performance. Both multiplier/adder output can be pipelined.
Related violations: <none>

DPOP-1#17 Warning
Output pipelining  
DSP system_i/AXI_MandelRISC_4/inst/AXI_MandelRISC_v1_0_M00_AXI_inst/mandelrisc1/in00/in00 output P is not pipelined. Pipelining DSP48 output will improve performance. Both multiplier/adder output can be pipelined.
Related violations: <none>

DPOP-1#18 Warning
Output pipelining  
DSP system_i/AXI_MandelRISC_4/inst/AXI_MandelRISC_v1_0_M00_AXI_inst/mandelrisc1/in00__0/in00 output P is not pipelined. Pipelining DSP48 output will improve performance. Both multiplier/adder output can be pipelined.
Related violations: <none>

DPOP-1#19 Warning
Output pipelining  
DSP system_i/AXI_MandelRISC_4/inst/AXI_MandelRISC_v1_0_M00_AXI_inst/mandelrisc1/in00__1/in00 output P is not pipelined. Pipelining DSP48 output will improve performance. Both multiplier/adder output can be pipelined.
Related violations: <none>

DPOP-1#20 Warning
Output pipelining  
DSP system_i/AXI_MandelRISC_4/inst/AXI_MandelRISC_v1_0_M00_AXI_inst/mandelrisc1/in00__2/in00 output P is not pipelined. Pipelining DSP48 output will improve performance. Both multiplier/adder output can be pipelined.
Related violations: <none>

DPOP-1#21 Warning
Output pipelining  
DSP system_i/AXI_MandelRISC_5/inst/AXI_MandelRISC_v1_0_M00_AXI_inst/mandelrisc1/in00/in00 output P is not pipelined. Pipelining DSP48 output will improve performance. Both multiplier/adder output can be pipelined.
Related violations: <none>

DPOP-1#22 Warning
Output pipelining  
DSP system_i/AXI_MandelRISC_5/inst/AXI_MandelRISC_v1_0_M00_AXI_inst/mandelrisc1/in00__0/in00 output P is not pipelined. Pipelining DSP48 output will improve performance. Both multiplier/adder output can be pipelined.
Related violations: <none>

DPOP-1#23 Warning
Output pipelining  
DSP system_i/AXI_MandelRISC_5/inst/AXI_MandelRISC_v1_0_M00_AXI_inst/mandelrisc1/in00__1/in00 output P is not pipelined. Pipelining DSP48 output will improve performance. Both multiplier/adder output can be pipelined.
Related violations: <none>

DPOP-1#24 Warning
Output pipelining  
DSP system_i/AXI_MandelRISC_5/inst/AXI_MandelRISC_v1_0_M00_AXI_inst/mandelrisc1/in00__2/in00 output P is not pipelined. Pipelining DSP48 output will improve performance. Both multiplier/adder output can be pipelined.
Related violations: <none>

DPOP-1#25 Warning
Output pipelining  
DSP system_i/AXI_MandelRISC_6/inst/AXI_MandelRISC_v1_0_M00_AXI_inst/mandelrisc1/in00/in00 output P is not pipelined. Pipelining DSP48 output will improve performance. Both multiplier/adder output can be pipelined.
Related violations: <none>

DPOP-1#26 Warning
Output pipelining  
DSP system_i/AXI_MandelRISC_6/inst/AXI_MandelRISC_v1_0_M00_AXI_inst/mandelrisc1/in00__0/in00 output P is not pipelined. Pipelining DSP48 output will improve performance. Both multiplier/adder output can be pipelined.
Related violations: <none>

DPOP-1#27 Warning
Output pipelining  
DSP system_i/AXI_MandelRISC_6/inst/AXI_MandelRISC_v1_0_M00_AXI_inst/mandelrisc1/in00__1/in00 output P is not pipelined. Pipelining DSP48 output will improve performance. Both multiplier/adder output can be pipelined.
Related violations: <none>

DPOP-1#28 Warning
Output pipelining  
DSP system_i/AXI_MandelRISC_6/inst/AXI_MandelRISC_v1_0_M00_AXI_inst/mandelrisc1/in00__2/in00 output P is not pipelined. Pipelining DSP48 output will improve performance. Both multiplier/adder output can be pipelined.
Related violations: <none>

DPOP-1#29 Warning
Output pipelining  
DSP system_i/AXI_MandelRISC_7/inst/AXI_MandelRISC_v1_0_M00_AXI_inst/mandelrisc1/in00/in00 output P is not pipelined. Pipelining DSP48 output will improve performance. Both multiplier/adder output can be pipelined.
Related violations: <none>

DPOP-1#30 Warning
Output pipelining  
DSP system_i/AXI_MandelRISC_7/inst/AXI_MandelRISC_v1_0_M00_AXI_inst/mandelrisc1/in00__0/in00 output P is not pipelined. Pipelining DSP48 output will improve performance. Both multiplier/adder output can be pipelined.
Related violations: <none>

DPOP-1#31 Warning
Output pipelining  
DSP system_i/AXI_MandelRISC_7/inst/AXI_MandelRISC_v1_0_M00_AXI_inst/mandelrisc1/in00__1/in00 output P is not pipelined. Pipelining DSP48 output will improve performance. Both multiplier/adder output can be pipelined.
Related violations: <none>

DPOP-1#32 Warning
Output pipelining  
DSP system_i/AXI_MandelRISC_7/inst/AXI_MandelRISC_v1_0_M00_AXI_inst/mandelrisc1/in00__2/in00 output P is not pipelined. Pipelining DSP48 output will improve performance. Both multiplier/adder output can be pipelined.
Related violations: <none>

PLIO-7#1 Warning
Placement Constraints Check for IO constraints  
An IO Bus FIXED_IO_mio[53:0] with more than one IO standard is found. Components associated with this bus are:  FIXED_IO_mio[53] of IOStandard LVCMOS18; FIXED_IO_mio[52] of IOStandard LVCMOS18; FIXED_IO_mio[51] of IOStandard LVCMOS18; FIXED_IO_mio[50] of IOStandard LVCMOS18; FIXED_IO_mio[49] of IOStandard LVCMOS18; FIXED_IO_mio[48] of IOStandard LVCMOS18; FIXED_IO_mio[47] of IOStandard LVCMOS18; FIXED_IO_mio[46] of IOStandard LVCMOS18; FIXED_IO_mio[45] of IOStandard LVCMOS18; FIXED_IO_mio[44] of IOStandard LVCMOS18; FIXED_IO_mio[43] of IOStandard LVCMOS18; FIXED_IO_mio[42] of IOStandard LVCMOS18; FIXED_IO_mio[41] of IOStandard LVCMOS18; FIXED_IO_mio[40] of IOStandard LVCMOS18; FIXED_IO_mio[39] of IOStandard LVCMOS18; FIXED_IO_mio[38] of IOStandard LVCMOS18; FIXED_IO_mio[37] of IOStandard LVCMOS18; FIXED_IO_mio[36] of IOStandard LVCMOS18; FIXED_IO_mio[35] of IOStandard LVCMOS18; FIXED_IO_mio[34] of IOStandard LVCMOS18; FIXED_IO_mio[33] of IOStandard LVCMOS18; FIXED_IO_mio[32] of IOStandard LVCMOS18; FIXED_IO_mio[31] of IOStandard LVCMOS18; FIXED_IO_mio[30] of IOStandard LVCMOS18; FIXED_IO_mio[29] of IOStandard LVCMOS18; FIXED_IO_mio[28] of IOStandard LVCMOS18; FIXED_IO_mio[27] of IOStandard HSTL_I_18; FIXED_IO_mio[26] of IOStandard HSTL_I_18; FIXED_IO_mio[25] of IOStandard HSTL_I_18; FIXED_IO_mio[24] of IOStandard HSTL_I_18; FIXED_IO_mio[23] of IOStandard HSTL_I_18; FIXED_IO_mio[22] of IOStandard HSTL_I_18; FIXED_IO_mio[21] of IOStandard HSTL_I_18; FIXED_IO_mio[20] of IOStandard HSTL_I_18; FIXED_IO_mio[19] of IOStandard HSTL_I_18; FIXED_IO_mio[18] of IOStandard HSTL_I_18; FIXED_IO_mio[17] of IOStandard HSTL_I_18; FIXED_IO_mio[16] of IOStandard HSTL_I_18; FIXED_IO_mio[15] of IOStandard LVCMOS18; FIXED_IO_mio[14] of IOStandard LVCMOS18; FIXED_IO_mio[13] of IOStandard LVCMOS18; FIXED_IO_mio[12] of IOStandard LVCMOS18; FIXED_IO_mio[11] of IOStandard LVCMOS18; FIXED_IO_mio[10] of IOStandard LVCMOS18; FIXED_IO_mio[9] of IOStandard LVCMOS18; FIXED_IO_mio[8] of IOStandard LVCMOS33; FIXED_IO_mio[7] of IOStandard LVCMOS18; FIXED_IO_mio[6] of IOStandard LVCMOS33; FIXED_IO_mio[5] of IOStandard LVCMOS33; FIXED_IO_mio[4] of IOStandard LVCMOS33; FIXED_IO_mio[3] of IOStandard LVCMOS33; FIXED_IO_mio[2] of IOStandard LVCMOS33; FIXED_IO_mio[1] of IOStandard LVCMOS33; FIXED_IO_mio[0] of IOStandard LVCMOS18;
Related violations: <none>

REQP-181#1 Advisory
writefirst  
Synchronous clocking for BRAM (system_i/axi_vdma_1/U0/I_PRMRY_DATAMOVER/GEN_MM2S_FULL.I_MM2S_FULL_WRAPPER/GEN_INCLUDE_MM2S_SF.I_RD_SF/I_DATA_FIFO/BLK_MEM.I_SYNC_FIFOGEN_FIFO/FAMILY_SUPPORTED.I_SYNC_FIFO_BRAM/inst_fifo_gen/gconvfifo.rf/grf.rf/gntv_or_sync_fifo.mem/gbm.gbmg.gbmgb.ngecc.bmg/inst_blk_mem_gen/gnativebmg.native_blk_mem_gen/valid.cstr/ramloop[0].ram.r/prim_noinit.ram/DEVICE_7SERIES.NO_BMM_INFO.SDP.WIDE_PRIM36_NO_ECC.ram) in SDP mode with Write First mode may have address collisions if the same address appears on both read and write ports. It is suggested to use Read First mode to avoid any conditions for address collision. See the FPGA Memory Resources User Guide for additional information.
Related violations: <none>


